<?xml version="1.0" encoding="UTF-8"?>
<!-- Generated by org.testng.reporters.JUnitXMLReporter -->
<testsuite hostname="LAPTOP-ROSTLMCB" ignored="8" name="Test" tests="1" failures="1" timestamp="07 May 2020 07:56:11 GMT" time="39.848" errors="0">
  <testcase name="SearchHotels" time="0.0" classname="PHPtravels.HotelBooking">
    <failure type="org.testng.TestNGException" message="
Cannot inject @Test annotated Method [SearchHotels] with [class java.lang.String, class java.lang.String].
For more information on native dependency injection please refer to http://testng.org/doc/documentation-main.html#native-dependency-injection">
      <![CDATA[org.testng.TestNGException: 
Cannot inject @Test annotated Method [SearchHotels] with [class java.lang.String, class java.lang.String].
For more information on native dependency injection please refer to http://testng.org/doc/documentation-main.html#native-dependency-injection
... Removed 24 stack frames]]>
    </failure>
  </testcase> <!-- SearchHotels -->
  <testcase name="verifyLoginWithValidInput" time="0.0" classname="PHPtravels.HotelBooking">
    <ignored/>
  </testcase> <!-- verifyLoginWithValidInput -->
  <testcase name="verifyLoginWithInvalidInput" time="0.0" classname="PHPtravels.HotelBooking">
    <ignored/>
  </testcase> <!-- verifyLoginWithInvalidInput -->
  <testcase name="verifyLogoFunctionalityOfRedirectingToHomepage" time="0.0" classname="PHPtravels.HotelBooking">
    <ignored/>
  </testcase> <!-- verifyLogoFunctionalityOfRedirectingToHomepage -->
  <testcase name="verifyDefaultHotelTabSelected" time="0.0" classname="PHPtravels.HotelBooking">
    <ignored/>
  </testcase> <!-- verifyDefaultHotelTabSelected -->
  <testcase name="AscendingPriceFilterSearch" time="0.0" classname="PHPtravels.HotelBooking">
    <ignored/>
  </testcase> <!-- AscendingPriceFilterSearch -->
  <testcase name="verifySignUp" time="0.0" classname="PHPtravels.HotelBooking">
    <ignored/>
  </testcase> <!-- verifySignUp -->
  <testcase name="verifyLogoAvailability" time="0.0" classname="PHPtravels.HotelBooking">
    <ignored/>
  </testcase> <!-- verifyLogoAvailability -->
  <testcase name="verifyHomepageTitle" time="0.0" classname="PHPtravels.HotelBooking">
    <ignored/>
  </testcase> <!-- verifyHomepageTitle -->
</testsuite> <!-- Test -->
